<?xml version="1.0" encoding="UTF-8" ?>
<testsuites disabled="0" errors="0" failures="0" tests="3" time="0.018">
 <testsuite name="test validators" timestamp="2020-04-19T22:01:08" hostname="localhost" time="0.018" errors="0" tests="3" skipped="0" disabled="0" failures="0">
  <testcase classname="test validators" name="testing Username with wrong input" time="0.004" />
  <testcase classname="test validators" name="testing Username with correct input" time="0.001" />
  <testcase classname="test validators" name="testing password with correct input" time="0" />
 </testsuite>
</testsuites>